23:04:28.402 INFO [10] org.openqa.selenium.server.SeleniumServer - Writing debug logs to /home/jiafan1/workspace/aost/selenium.log
23:04:28.404 INFO [10] org.openqa.selenium.server.SeleniumServer - Java: Sun Microsystems Inc. 10.0-b22
23:04:28.404 INFO [10] org.openqa.selenium.server.SeleniumServer - OS: Linux 2.6.25.6-55.fc9.x86_64 amd64
23:04:28.406 INFO [10] org.openqa.selenium.server.SeleniumServer - v0.9.2 [2006], with Core v0.8.3 [1879]
23:04:28.428 DEBUG [10] org.mortbay.util.Container - add component: SocketListener0@0.0.0.0:4444
23:04:28.445 DEBUG [10] org.mortbay.util.Container - add component: org.mortbay.http.ResourceCache@5812f9ee
23:04:28.449 DEBUG [10] org.mortbay.util.Container - add component: org.openqa.selenium.server.ProxyHandler in HttpContext[/,/]
23:04:28.450 DEBUG [10] org.mortbay.util.Container - add component: HttpContext[/,/]
23:04:28.452 DEBUG [10] org.mortbay.http.HttpServer - Added HttpContext[/,/] for host *
23:04:28.452 DEBUG [10] org.mortbay.util.Container - add component: org.mortbay.http.ResourceCache@761eec35
23:04:28.454 DEBUG [10] org.mortbay.http.HttpContext - added SC{BASIC,null,user,CONFIDENTIAL} at /tests/html/basicAuth/*
23:04:28.462 DEBUG [10] org.mortbay.util.Container - add component: org.mortbay.http.handler.SecurityHandler in HttpContext[/selenium-server,/selenium-server]
23:04:28.466 DEBUG [10] org.mortbay.util.Container - add component: org.openqa.selenium.server.StaticContentHandler in HttpContext[/selenium-server,/selenium-server]
23:04:28.466 DEBUG [10] org.mortbay.util.Container - add component: org.openqa.selenium.server.htmlrunner.SingleTestSuiteResourceHandler in HttpContext[/selenium-server,/selenium-server]
23:04:28.467 DEBUG [10] org.mortbay.util.Container - add component: org.openqa.selenium.server.htmlrunner.SeleniumHTMLRunnerResultsHandler@67a5a19
23:04:28.467 DEBUG [10] org.mortbay.util.Container - add component: org.mortbay.http.ResourceCache@4ab122a1
23:04:28.477 DEBUG [10] org.mortbay.util.Container - add component: org.openqa.selenium.server.SeleniumDriverResourceHandler in HttpContext[/selenium-server,/selenium-server]
23:04:28.477 DEBUG [10] org.mortbay.util.Container - add component: HttpContext[/selenium-server,/selenium-server]
23:04:28.477 DEBUG [10] org.mortbay.http.HttpServer - Added HttpContext[/selenium-server,/selenium-server] for host *
23:04:28.478 DEBUG [10] org.mortbay.util.Container - add component: HttpContext[/selenium-server/driver,/selenium-server/driver]
23:04:28.478 DEBUG [10] org.mortbay.http.HttpServer - Added HttpContext[/selenium-server/driver,/selenium-server/driver] for host *
23:04:28.482 DEBUG [10] org.mortbay.util.Container - Starting org.mortbay.jetty.Server@3f829e6f
23:04:28.496 INFO [10] org.mortbay.http.HttpServer - Version Jetty/5.1.x
23:04:28.499 DEBUG [10] org.mortbay.http.HttpServer - LISTENERS: [SocketListener0@0.0.0.0:4444]
23:04:28.499 DEBUG [10] org.mortbay.http.HttpServer - HANDLER: {null={/selenium-server/driver/*=[HttpContext[/selenium-server/driver,/selenium-server/driver]], /selenium-server/*=[HttpContext[/selenium-server,/selenium-server]], /=[HttpContext[/,/]]}}
23:04:28.500 DEBUG [10] org.mortbay.util.Container - Starting HttpContext[/selenium-server/driver,/selenium-server/driver]
23:04:28.500 DEBUG [10] org.mortbay.http.HttpContext - Init classloader from null, sun.misc.Launcher$AppClassLoader@1f7182c1 for HttpContext[/selenium-server/driver,/selenium-server/driver]
23:04:28.501 INFO [10] org.mortbay.util.Container - Started HttpContext[/selenium-server/driver,/selenium-server/driver]
23:04:28.501 DEBUG [10] org.mortbay.util.Container - Starting HttpContext[/selenium-server,/selenium-server]
23:04:28.502 DEBUG [10] org.mortbay.http.HttpContext - Init classloader from null, sun.misc.Launcher$AppClassLoader@1f7182c1 for HttpContext[/selenium-server,/selenium-server]
23:04:28.503 DEBUG [10] org.mortbay.http.handler.AbstractHttpHandler - Started org.mortbay.http.handler.SecurityHandler in HttpContext[/selenium-server,/selenium-server]
23:04:28.514 DEBUG [10] org.mortbay.http.handler.AbstractHttpHandler - Started org.openqa.selenium.server.StaticContentHandler in HttpContext[/selenium-server,/selenium-server]
23:04:28.514 DEBUG [10] org.mortbay.http.handler.AbstractHttpHandler - Started org.openqa.selenium.server.htmlrunner.SingleTestSuiteResourceHandler in HttpContext[/selenium-server,/selenium-server]
23:04:28.516 DEBUG [10] org.mortbay.http.handler.AbstractHttpHandler - Started org.openqa.selenium.server.SeleniumDriverResourceHandler in HttpContext[/selenium-server,/selenium-server]
23:04:28.516 INFO [10] org.mortbay.util.Container - Started HttpContext[/selenium-server,/selenium-server]
23:04:28.516 DEBUG [10] org.mortbay.util.Container - Starting HttpContext[/,/]
23:04:28.518 DEBUG [10] org.mortbay.http.HttpContext - Init classloader from null, sun.misc.Launcher$AppClassLoader@1f7182c1 for HttpContext[/,/]
23:04:28.518 DEBUG [10] org.mortbay.http.handler.AbstractHttpHandler - Started org.openqa.selenium.server.ProxyHandler in HttpContext[/,/]
23:04:28.519 INFO [10] org.mortbay.util.Container - Started HttpContext[/,/]
23:04:28.521 INFO [10] org.mortbay.http.SocketListener - Started SocketListener on 0.0.0.0:4444
23:04:28.522 INFO [10] org.mortbay.util.Container - Started org.mortbay.jetty.Server@3f829e6f
23:04:33.569 DEBUG [11] org.mortbay.http.HttpConnection - new HttpConnection: Socket[addr=/127.0.0.1,port=37549,localport=4444]
23:04:33.596 DEBUG [11] org.mortbay.http.HttpConnection - REQUEST from SocketListener0@0.0.0.0:4444:
POST /selenium-server/driver/ HTTP/1.1
Content-Type: application/x-www-form-urlencoded; charset=utf-8
User-Agent: Java/1.6.0_06
Host: localhost:4444
Accept: text/html, image/gif, image/jpeg, *; q=.2, */*; q=.2
Connection: keep-alive
Content-Length: 66


23:04:33.599 DEBUG [11] org.mortbay.http.HttpServer - Try HttpContext[/selenium-server/driver,/selenium-server/driver],0
23:04:33.599 DEBUG [11] org.mortbay.http.HttpServer - Try HttpContext[/selenium-server,/selenium-server],0
23:04:33.599 DEBUG [11] org.mortbay.http.HttpContext - Handler org.mortbay.http.handler.SecurityHandler in HttpContext[/selenium-server,/selenium-server]
23:04:33.599 DEBUG [11] org.mortbay.http.HttpContext - Handler org.openqa.selenium.server.StaticContentHandler in HttpContext[/selenium-server,/selenium-server]
23:04:33.604 INFO [11] org.mortbay.util.Credential - Checking Resource aliases
23:04:33.605 DEBUG [11] org.mortbay.http.handler.ResourceHandler - PATH=/driver/ RESOURCE=file:/home/jiafan1/workspace/aost/MISSING%20RESOURCE
23:04:33.605 DEBUG [11] org.mortbay.http.handler.ResourceHandler - Looking for file:/home/jiafan1/workspace/aost/MISSING%20RESOURCE
23:04:33.605 DEBUG [11] org.mortbay.http.HttpContext - Handler org.openqa.selenium.server.htmlrunner.SingleTestSuiteResourceHandler in HttpContext[/selenium-server,/selenium-server]
23:04:33.605 DEBUG [11] org.mortbay.http.HttpContext - Handler org.openqa.selenium.server.htmlrunner.SeleniumHTMLRunnerResultsHandler@67a5a19
23:04:33.605 DEBUG [11] org.mortbay.http.HttpContext - Handler org.openqa.selenium.server.SeleniumDriverResourceHandler in HttpContext[/selenium-server,/selenium-server]
23:04:33.608 DEBUG [11] org.openqa.selenium.server.SeleniumDriverResourceHandler - req: POST /selenium-server/driver/ HTTP/1.1
Content-Type: application/x-www-form-urlencoded; charset=utf-8
User-Agent: Java/1.6.0_06
Host: localhost:4444
Accept: text/html, image/gif, image/jpeg, *; q=.2, */*; q=.2
Connection: keep-alive
Content-Length: 66


23:04:33.609 INFO [11] org.openqa.selenium.server.SeleniumDriverResourceHandler - Command request: getNewBrowserSession[*chrome, http://localhost:8080] on session null
23:04:33.661 WARN [11] org.mortbay.http.HttpConnection - POST /selenium-server/driver/ HTTP/1.1
java.lang.RuntimeException: Firefox couldn't be found in the path!
Please add the directory containing 'firefox-bin' to your PATH environment
variable, or explicitly specify a path to Firefox like this:
*firefox /blah/blah/firefox-bin
	at org.openqa.selenium.server.browserlaunchers.FirefoxChromeLauncher.findBrowserLaunchLocation(FirefoxChromeLauncher.java:111)
	at org.openqa.selenium.server.browserlaunchers.FirefoxChromeLauncher.<init>(FirefoxChromeLauncher.java:48)
	at sun.reflect.NativeConstructorAccessorImpl.newInstance0(Native Method)
	at sun.reflect.NativeConstructorAccessorImpl.newInstance(NativeConstructorAccessorImpl.java:39)
	at sun.reflect.DelegatingConstructorAccessorImpl.newInstance(DelegatingConstructorAccessorImpl.java:27)
	at java.lang.reflect.Constructor.newInstance(Constructor.java:513)
	at org.openqa.selenium.server.browserlaunchers.BrowserLauncherFactory.createBrowserLauncher(BrowserLauncherFactory.java:121)
	at org.openqa.selenium.server.browserlaunchers.BrowserLauncherFactory.getBrowserLauncher(BrowserLauncherFactory.java:78)
	at org.openqa.selenium.server.SeleniumDriverResourceHandler.getNewBrowserSession(SeleniumDriverResourceHandler.java:581)
	at org.openqa.selenium.server.SeleniumDriverResourceHandler.doCommand(SeleniumDriverResourceHandler.java:396)
	at org.openqa.selenium.server.SeleniumDriverResourceHandler.handleCommandRequest(SeleniumDriverResourceHandler.java:375)
	at org.openqa.selenium.server.SeleniumDriverResourceHandler.handle(SeleniumDriverResourceHandler.java:123)
	at org.mortbay.http.HttpContext.handle(HttpContext.java:1530)
	at org.mortbay.http.HttpContext.handle(HttpContext.java:1482)
	at org.mortbay.http.HttpServer.service(HttpServer.java:909)
	at org.mortbay.http.HttpConnection.service(HttpConnection.java:816)
	at org.mortbay.http.HttpConnection.handleNext(HttpConnection.java:982)
	at org.mortbay.http.HttpConnection.handle(HttpConnection.java:833)
	at org.mortbay.http.SocketListener.handleConnection(SocketListener.java:244)
	at org.mortbay.util.ThreadedServer.handle(ThreadedServer.java:357)
	at org.mortbay.util.ThreadPool$PoolThread.run(ThreadPool.java:534)
23:04:33.674 DEBUG [11] org.mortbay.http.HttpConnection - RESPONSE:
HTTP/1.1 500 Internal Server Error
Date: Thu, 26 Jun 2008 04:04:33 GMT
Server: Jetty/5.1.x (Linux/2.6.25.6-55.fc9.x86_64 amd64 java/1.6.0_06
Connection: close


23:04:33.719 DEBUG [12] org.mortbay.http.HttpConnection - new HttpConnection: Socket[addr=/127.0.0.1,port=37550,localport=4444]
23:04:33.728 DEBUG [12] org.mortbay.http.HttpConnection - REQUEST from SocketListener0@0.0.0.0:4444:
POST /selenium-server/driver/ HTTP/1.1
Content-Type: application/x-www-form-urlencoded; charset=utf-8
User-Agent: Java/1.6.0_06
Host: localhost:4444
Accept: text/html, image/gif, image/jpeg, *; q=.2, */*; q=.2
Connection: keep-alive
Content-Length: 38


23:04:33.728 DEBUG [12] org.mortbay.http.HttpServer - Try HttpContext[/selenium-server/driver,/selenium-server/driver],0
23:04:33.728 DEBUG [12] org.mortbay.http.HttpServer - Try HttpContext[/selenium-server,/selenium-server],0
23:04:33.728 DEBUG [12] org.mortbay.http.HttpContext - Handler org.mortbay.http.handler.SecurityHandler in HttpContext[/selenium-server,/selenium-server]
23:04:33.729 DEBUG [12] org.mortbay.http.HttpContext - Handler org.openqa.selenium.server.StaticContentHandler in HttpContext[/selenium-server,/selenium-server]
23:04:33.729 DEBUG [12] org.mortbay.http.handler.ResourceHandler - PATH=/driver/ RESOURCE=file:/home/jiafan1/workspace/aost/MISSING%20RESOURCE
23:04:33.729 DEBUG [12] org.mortbay.http.handler.ResourceHandler - Looking for file:/home/jiafan1/workspace/aost/MISSING%20RESOURCE
23:04:33.729 DEBUG [12] org.mortbay.http.HttpContext - Handler org.openqa.selenium.server.htmlrunner.SingleTestSuiteResourceHandler in HttpContext[/selenium-server,/selenium-server]
23:04:33.731 DEBUG [12] org.mortbay.http.HttpContext - Handler org.openqa.selenium.server.htmlrunner.SeleniumHTMLRunnerResultsHandler@67a5a19
23:04:33.731 DEBUG [12] org.mortbay.http.HttpContext - Handler org.openqa.selenium.server.SeleniumDriverResourceHandler in HttpContext[/selenium-server,/selenium-server]
23:04:33.731 DEBUG [12] org.openqa.selenium.server.SeleniumDriverResourceHandler - req: POST /selenium-server/driver/ HTTP/1.1
Content-Type: application/x-www-form-urlencoded; charset=utf-8
User-Agent: Java/1.6.0_06
Host: localhost:4444
Accept: text/html, image/gif, image/jpeg, *; q=.2, */*; q=.2
Connection: keep-alive
Content-Length: 38


23:04:33.731 INFO [12] org.openqa.selenium.server.SeleniumDriverResourceHandler - Command request: open[http://www.google.com, ] on session null
23:04:33.732 WARN [12] org.mortbay.http.HttpConnection - POST /selenium-server/driver/ HTTP/1.1
java.lang.NullPointerException
	at java.util.concurrent.ConcurrentHashMap.get(ConcurrentHashMap.java:768)
	at org.openqa.selenium.server.FrameGroupCommandQueueSet.getQueueSet(FrameGroupCommandQueueSet.java:157)
	at org.openqa.selenium.server.SeleniumDriverResourceHandler.doCommand(SeleniumDriverResourceHandler.java:476)
	at org.openqa.selenium.server.SeleniumDriverResourceHandler.handleCommandRequest(SeleniumDriverResourceHandler.java:375)
	at org.openqa.selenium.server.SeleniumDriverResourceHandler.handle(SeleniumDriverResourceHandler.java:123)
	at org.mortbay.http.HttpContext.handle(HttpContext.java:1530)
	at org.mortbay.http.HttpContext.handle(HttpContext.java:1482)
	at org.mortbay.http.HttpServer.service(HttpServer.java:909)
	at org.mortbay.http.HttpConnection.service(HttpConnection.java:816)
	at org.mortbay.http.HttpConnection.handleNext(HttpConnection.java:982)
	at org.mortbay.http.HttpConnection.handle(HttpConnection.java:833)
	at org.mortbay.http.SocketListener.handleConnection(SocketListener.java:244)
	at org.mortbay.util.ThreadedServer.handle(ThreadedServer.java:357)
	at org.mortbay.util.ThreadPool$PoolThread.run(ThreadPool.java:534)
23:04:33.738 DEBUG [12] org.mortbay.http.HttpConnection - RESPONSE:
HTTP/1.1 500 Internal Server Error
Date: Thu, 26 Jun 2008 04:04:33 GMT
Server: Jetty/5.1.x (Linux/2.6.25.6-55.fc9.x86_64 amd64 java/1.6.0_06
Connection: close


